2019-06-28 17:19:05,571 [bac_pack.Login_Functionality.Login_SuperAdminvalidation] - Driver initialized successfully
2019-06-28 17:19:11,466 [bac_pack.Login_Functionality.Login_SuperAdminvalidation] - successfully launched URL
2019-06-28 17:19:12,010 [bac_pack.Login_Functionality.Login_SuperAdminvalidation] - Entered email address
2019-06-28 17:19:12,223 [bac_pack.Login_Functionality.Login_SuperAdminvalidation] - Entered password
2019-06-28 17:19:12,396 [bac_pack.Login_Functionality.Login_SuperAdminvalidation] - Hit the login button
2019-06-28 17:19:24,897 [bac_pack.Login_Functionality.Login_SuperAdminvalidation] - Successfully validate the Role
2019-06-28 17:45:42,300 [bac_pack.Login_Functionality.Login_SuperAdminvalidation] - Driver initialized successfully
2019-06-28 17:45:48,763 [bac_pack.Login_Functionality.Login_SuperAdminvalidation] - successfully launched URL
2019-06-28 17:45:49,936 [bac_pack.Login_Functionality.Login_SuperAdminvalidation] - Entered email address
2019-06-28 17:45:50,166 [bac_pack.Login_Functionality.Login_SuperAdminvalidation] - Entered password
2019-06-28 17:45:50,354 [bac_pack.Login_Functionality.Login_SuperAdminvalidation] - Hit the login button
2019-06-28 17:46:03,348 [bac_pack.Login_Functionality.Login_SuperAdminvalidation] - Successfully validate the Role
2019-06-28 17:46:39,693 [bac_pack.Login_Functionality.Login_SuperAdminvalidation] - Driver initialized successfully
2019-06-28 17:46:47,927 [bac_pack.Login_Functionality.Login_SuperAdminvalidation] - successfully launched URL
2019-06-28 17:46:48,318 [bac_pack.Login_Functionality.Login_SuperAdminvalidation] - Entered email address
2019-06-28 17:46:48,523 [bac_pack.Login_Functionality.Login_SuperAdminvalidation] - Entered password
2019-06-28 17:46:48,672 [bac_pack.Login_Functionality.Login_SuperAdminvalidation] - Hit the login button
2019-06-28 17:46:59,637 [bac_pack.Login_Functionality.Login_SuperAdminvalidation] - Successfully validate the Role
2019-06-28 18:34:14,298 [bac_pack.Login_Functionality.Login_SuperAdminvalidation] - Driver initialized successfully
2019-06-28 18:34:31,694 [bac_pack.Login_Functionality.Login_SuperAdminvalidation] - successfully launched URL
2019-06-28 18:34:35,139 [bac_pack.Login_Functionality.Login_SuperAdminvalidation] - Entered email address
2019-06-28 18:34:35,440 [bac_pack.Login_Functionality.Login_SuperAdminvalidation] - Entered password
2019-06-28 18:34:36,268 [bac_pack.Login_Functionality.Login_SuperAdminvalidation] - Hit the login button
2019-06-28 18:38:52,056 [bac_pack.Login_Functionality.Login_SuperAdminvalidation] - Driver initialized successfully
2019-06-28 18:39:02,010 [bac_pack.Login_Functionality.Login_SuperAdminvalidation] - successfully launched URL
